<?xml version="1.0" encoding="UTF-8"?>
<!-- Generated by org.testng.reporters.JUnitXMLReporter -->
<testsuite ignored="0" hostname="SWETA" failures="0" tests="5" name="Default test" time="63.209" errors="0" timestamp="2025-03-26T14:11:25 IST">
  <testcase classname="main.AutomationDemonstration" name="login" time="14.066"/>
  <testcase classname="main.AutomationDemonstration" name="searchProduct" time="32.608"/>
  <testcase classname="main.AutomationDemonstration" name="addItemToCart" time="4.341"/>
  <testcase classname="main.AutomationDemonstration" name="enterAddress" time="3.977"/>
  <testcase classname="main.AutomationDemonstration" name="payment" time="4.852"/>
</testsuite> <!-- Default test -->
